STEP to UG
! INFO-     NX STEP AP203 - V1899
! INFO-      
! INFO-     Start of Translation: 12-AUG-2021  12:12:25 PM
! INFO-      
! STATUS-   Converting Part: Z:\Proyecto\ModelosCAD\Maquinas\Taladro\cilindro hidrualico\03046018_01.stp
! SUMMARY-   
! SUMMARY-    STEP Header Information
! SUMMARY-   
! SUMMARY-  Description      Unknown
! SUMMARY-  Imp_Level        2;1
! SUMMARY-  File_Name        Z:\Proyecto\ModelosCAD\Maquinas\Taladro\cilindro hidrualico\03046018_01.stp
! SUMMARY-  Date             2021-08-12T12:11:25-05:00
! SUMMARY-  Author           Camilo Andres Zorro
! SUMMARY-  Organization     TraceParts S.A.
! SUMMARY-  Pre_Version      ST-DEVELOPER v18
! SUMMARY-  Orig_System      Autodesk Inventor 2020
! SUMMARY-  Authorization    Unknown
! SUMMARY-  Schema_ID        config_control_design
! SUMMARY-   
! SUMMARY-    Summary of STEP Entities
! SUMMARY-   
! SUMMARY-  Entity Type                                                   Count
! SUMMARY-  -----------                                                   ------
! SUMMARY-  advanced_face ..............................................:     45
! SUMMARY-  application_context ........................................:      1
! SUMMARY-  axis2_placement_3d .........................................:     94
! SUMMARY-  b_spline_curve_with_knots ..................................:     17
! SUMMARY-  cartesian_point ............................................:    590
! SUMMARY-  circle .....................................................:     48
! SUMMARY-  closed_shell ...............................................:      1
! SUMMARY-  conical_surface ............................................:      4
! SUMMARY-  cylindrical_surface ........................................:     21
! SUMMARY-  direction ..................................................:    230
! SUMMARY-  edge_curve .................................................:    107
! SUMMARY-  edge_loop ..................................................:     56
! SUMMARY-  face_bound .................................................:     11
! SUMMARY-  face_outer_bound ...........................................:     45
! SUMMARY-  geometric_representation_context_and_global_uncertainty_a ..:      2
! SUMMARY-  length_unit_and_si_unit ....................................:      1
! SUMMARY-  line .......................................................:     42
! SUMMARY-  manifold_solid_brep ........................................:      1
! SUMMARY-  oriented_edge ..............................................:    214
! SUMMARY-  plane ......................................................:     20
! SUMMARY-  plane_angle_unit_and_si_unit ...............................:      1
! SUMMARY-  product ....................................................:      1
! SUMMARY-  product_context ............................................:      1
! SUMMARY-  product_definition .........................................:      1
! SUMMARY-  product_definition_context .................................:      1
! SUMMARY-  product_definition_formation ...............................:      1
! SUMMARY-  product_definition_shape ...................................:      1
! SUMMARY-  product_related_product_category ...........................:      1
! SUMMARY-  si_unit_and_solid_angle_unit ...............................:      1
! SUMMARY-  uncertainty_measure_with_unit ..............................:      2
! SUMMARY-  vector .....................................................:     42
! SUMMARY-  vertex_point ...............................................:     71
! SUMMARY-                                                               -------
! SUMMARY-  Total                                                           1674
! STATUS-    
! STATUS-   Converting to Output Form (Phase 2 of 3): 12-AUG-2021 12:12:26 PM
! STATUS-    
! STATUS-    
! STATUS-   Generating UG geometry and placing them in parts
! STATUS-    
! STATUS-   Creating the UG part (Phase 3 of 3): 12-AUG-2021  12:12:26 PM
! INFO-     Filing Part ..: Z:\APM\siemens\NX1899\UGII\03046018_01_1.prt
! SUMMARY-   
! SUMMARY-  Summary of Unigraphics Part Entities
! SUMMARY-   
! SUMMARY-  Entities Processed             Count
! SUMMARY-  ------------------             -----
! SUMMARY-  Solid .......................:     1
! SUMMARY-                                 -----
! SUMMARY-  Total                              1
! INFO-      
! INFO-     Total number of solids input for this translation       :         1
! INFO-      
! INFO-     Number of solids created without body validation faults :         1
! INFO-      
! INFO-     Number of solids created with body validation fault(s)  :         0
! INFO-      
! INFO-     Number of solids ending up as sheet bodies              :         0
! INFO-      
! INFO-     End of Translation: 12-AUG-2021  12:12:26 PM
! INFO-      
STEP to UG
! INFO-     NX STEP AP203 - V1899
! INFO-      
! INFO-     Start of Translation: 12-AUG-2021  12:14:32 PM
! INFO-      
! STATUS-   Converting Part: Z:\Proyecto\ModelosCAD\Maquinas\Taladro\cilindro hidrualico\03046018_01.stp
! SUMMARY-   
! SUMMARY-    STEP Header Information
! SUMMARY-   
! SUMMARY-  Description      Unknown
! SUMMARY-  Imp_Level        2;1
! SUMMARY-  File_Name        Z:\Proyecto\ModelosCAD\Maquinas\Taladro\cilindro hidrualico\03046018_01.stp
! SUMMARY-  Date             2021-08-12T12:13:56-05:00
! SUMMARY-  Author           Camilo Andres Zorro
! SUMMARY-  Organization     Unknown
! SUMMARY-  Pre_Version      ST-DEVELOPER v18
! SUMMARY-  Orig_System      Autodesk Inventor 2020
! SUMMARY-  Authorization    Unknown
! SUMMARY-  Schema_ID        config_control_design
! SUMMARY-   
! SUMMARY-    Summary of STEP Entities
! SUMMARY-   
! SUMMARY-  Entity Type                                                   Count
! SUMMARY-  -----------                                                   ------
! SUMMARY-  advanced_face ..............................................:     45
! SUMMARY-  application_context ........................................:      1
! SUMMARY-  axis2_placement_3d .........................................:     96
! SUMMARY-  b_spline_curve_with_knots ..................................:     17
! SUMMARY-  cartesian_point ............................................:    592
! SUMMARY-  circle .....................................................:     48
! SUMMARY-  closed_shell ...............................................:      1
! SUMMARY-  conical_surface ............................................:      4
! SUMMARY-  context_dependent_shape_representation .....................:      1
! SUMMARY-  cylindrical_surface ........................................:     21
! SUMMARY-  direction ..................................................:    234
! SUMMARY-  edge_curve .................................................:    107
! SUMMARY-  edge_loop ..................................................:     56
! SUMMARY-  face_bound .................................................:     11
! SUMMARY-  face_outer_bound ...........................................:     45
! SUMMARY-  geometric_representation_context_and_global_uncertainty_a ..:      3
! SUMMARY-  item_defined_transformation ................................:      1
! SUMMARY-  length_unit_and_si_unit ....................................:      1
! SUMMARY-  line .......................................................:     42
! SUMMARY-  manifold_solid_brep ........................................:      1
! SUMMARY-  next_assembly_usage_occurrence .............................:      1
! SUMMARY-  oriented_edge ..............................................:    214
! SUMMARY-  plane ......................................................:     20
! SUMMARY-  plane_angle_unit_and_si_unit ...............................:      1
! SUMMARY-  product ....................................................:      2
! SUMMARY-  product_context ............................................:      1
! SUMMARY-  product_definition .........................................:      2
! SUMMARY-  product_definition_context .................................:      1
! SUMMARY-  product_definition_formation ...............................:      2
! SUMMARY-  product_definition_shape ...................................:      3
! SUMMARY-  product_related_product_category ...........................:      2
! SUMMARY-  representation_relationship_with_transformation_and_shape ..:      1
! SUMMARY-  shape_representation .......................................:      2
! SUMMARY-  si_unit_and_solid_angle_unit ...............................:      1
! SUMMARY-  uncertainty_measure_with_unit ..............................:      3
! SUMMARY-  vector .....................................................:     42
! SUMMARY-  vertex_point ...............................................:     71
! SUMMARY-                                                               -------
! SUMMARY-  Total                                                           1696
! STATUS-    
! STATUS-   Converting to Output Form (Phase 2 of 3): 12-AUG-2021 12:14:32 PM
! STATUS-    
! STATUS-    
! STATUS-   Generating UG geometry and placing them in parts
! STATUS-    
! STATUS-   Creating the UG part (Phase 3 of 3): 12-AUG-2021  12:14:32 PM
! INFO-     Filing Part ..: Z:\APM\siemens\NX1899\UGII\03046018_011744
! SUMMARY-   
! SUMMARY-  Summary of Unigraphics Part Entities
! SUMMARY-   
! SUMMARY-  Entities Processed             Count
! SUMMARY-  ------------------             -----
! SUMMARY-  Solid .......................:     1
! SUMMARY-                                 -----
! SUMMARY-  Total                              1
! STATUS-   Creating the UG part (Phase 3 of 3): 12-AUG-2021  12:14:33 PM
! INFO-     Filing Part ..: Z:\APM\siemens\NX1899\UGII\03046018_01_1.prt
! SUMMARY-   
! SUMMARY-  Summary of Unigraphics Part Entities
! SUMMARY-   
! SUMMARY-  Entities Processed             Count
! SUMMARY-  ------------------             -----
! SUMMARY-  Component ...................:     1
! SUMMARY-                                 -----
! SUMMARY-  Total                              1
! INFO-      
! INFO-     Total number of solids input for this translation       :         1
! INFO-      
! INFO-     Number of solids created without body validation faults :         1
! INFO-      
! INFO-     Number of solids created with body validation fault(s)  :         0
! INFO-      
! INFO-     Number of solids ending up as sheet bodies              :         0
! INFO-      
! INFO-     End of Translation: 12-AUG-2021  12:14:33 PM
! INFO-      
